  main.c
C:\Users\User\OneDrive\Рабочий стол\Уник\Proga\DB\BDIS\main.c(60,13): error C4996: 'fopen': This function or variable may be unsafe. Consider using fopen_s instead. To disable deprecation, use _CRT_SECURE_NO_WARNINGS. See online help for details.
C:\Users\User\OneDrive\Рабочий стол\Уник\Proga\DB\BDIS\main.c(72,16): error C4996: 'fopen': This function or variable may be unsafe. Consider using fopen_s instead. To disable deprecation, use _CRT_SECURE_NO_WARNINGS. See online help for details.
C:\Users\User\OneDrive\Рабочий стол\Уник\Proga\DB\BDIS\main.c(92,12): error C4996: 'fopen': This function or variable may be unsafe. Consider using fopen_s instead. To disable deprecation, use _CRT_SECURE_NO_WARNINGS. See online help for details.
C:\Users\User\OneDrive\Рабочий стол\Уник\Proga\DB\BDIS\main.c(123,9): warning C4013: gets: нет определения; предполагается "extern" с возвратом типа "int"
C:\Users\User\OneDrive\Рабочий стол\Уник\Proga\DB\BDIS\main.c(125,19): error C4996: 'strtok': This function or variable may be unsafe. Consider using strtok_s instead. To disable deprecation, use _CRT_SECURE_NO_WARNINGS. See online help for details.
C:\Users\User\OneDrive\Рабочий стол\Уник\Proga\DB\BDIS\main.c(128,9): error C4996: 'strcpy': This function or variable may be unsafe. Consider using strcpy_s instead. To disable deprecation, use _CRT_SECURE_NO_WARNINGS. See online help for details.
C:\Users\User\OneDrive\Рабочий стол\Уник\Proga\DB\BDIS\main.c(130,17): error C4996: 'strtok': This function or variable may be unsafe. Consider using strtok_s instead. To disable deprecation, use _CRT_SECURE_NO_WARNINGS. See online help for details.
C:\Users\User\OneDrive\Рабочий стол\Уник\Proga\DB\BDIS\main.c(156,19): error C4996: 'fopen': This function or variable may be unsafe. Consider using fopen_s instead. To disable deprecation, use _CRT_SECURE_NO_WARNINGS. See online help for details.
C:\Users\User\OneDrive\Рабочий стол\Уник\Proga\DB\BDIS\main.c(157,18): error C4996: 'fopen': This function or variable may be unsafe. Consider using fopen_s instead. To disable deprecation, use _CRT_SECURE_NO_WARNINGS. See online help for details.
C:\Users\User\OneDrive\Рабочий стол\Уник\Proga\DB\BDIS\main.c(185,13): error C4996: 'fopen': This function or variable may be unsafe. Consider using fopen_s instead. To disable deprecation, use _CRT_SECURE_NO_WARNINGS. See online help for details.
C:\Users\User\OneDrive\Рабочий стол\Уник\Proga\DB\BDIS\main.c(186,12): error C4996: 'fopen': This function or variable may be unsafe. Consider using fopen_s instead. To disable deprecation, use _CRT_SECURE_NO_WARNINGS. See online help for details.
C:\Users\User\OneDrive\Рабочий стол\Уник\Proga\DB\BDIS\main.c(232,19): error C4996: 'fopen': This function or variable may be unsafe. Consider using fopen_s instead. To disable deprecation, use _CRT_SECURE_NO_WARNINGS. See online help for details.
C:\Users\User\OneDrive\Рабочий стол\Уник\Proga\DB\BDIS\main.c(233,18): error C4996: 'fopen': This function or variable may be unsafe. Consider using fopen_s instead. To disable deprecation, use _CRT_SECURE_NO_WARNINGS. See online help for details.
C:\Users\User\OneDrive\Рабочий стол\Уник\Proga\DB\BDIS\main.c(234,18): error C4996: 'fopen': This function or variable may be unsafe. Consider using fopen_s instead. To disable deprecation, use _CRT_SECURE_NO_WARNINGS. See online help for details.
C:\Users\User\OneDrive\Рабочий стол\Уник\Proga\DB\BDIS\main.c(338,29): error C4146: применение унарного минуса к типу без знака; результат оставлен без знака
C:\Users\User\OneDrive\Рабочий стол\Уник\Proga\DB\BDIS\main.c(356,18): error C4146: применение унарного минуса к типу без знака; результат оставлен без знака
C:\Users\User\OneDrive\Рабочий стол\Уник\Proga\DB\BDIS\main.c(298,19): error C4996: 'fopen': This function or variable may be unsafe. Consider using fopen_s instead. To disable deprecation, use _CRT_SECURE_NO_WARNINGS. See online help for details.
C:\Users\User\OneDrive\Рабочий стол\Уник\Proga\DB\BDIS\main.c(299,18): error C4996: 'fopen': This function or variable may be unsafe. Consider using fopen_s instead. To disable deprecation, use _CRT_SECURE_NO_WARNINGS. See online help for details.
C:\Users\User\OneDrive\Рабочий стол\Уник\Proga\DB\BDIS\main.c(300,18): error C4996: 'fopen': This function or variable may be unsafe. Consider using fopen_s instead. To disable deprecation, use _CRT_SECURE_NO_WARNINGS. See online help for details.
C:\Users\User\OneDrive\Рабочий стол\Уник\Proga\DB\BDIS\main.c(416,25): error C4146: применение унарного минуса к типу без знака; результат оставлен без знака
C:\Users\User\OneDrive\Рабочий стол\Уник\Proga\DB\BDIS\main.c(378,19): error C4996: 'fopen': This function or variable may be unsafe. Consider using fopen_s instead. To disable deprecation, use _CRT_SECURE_NO_WARNINGS. See online help for details.
C:\Users\User\OneDrive\Рабочий стол\Уник\Proga\DB\BDIS\main.c(379,18): error C4996: 'fopen': This function or variable may be unsafe. Consider using fopen_s instead. To disable deprecation, use _CRT_SECURE_NO_WARNINGS. See online help for details.
C:\Users\User\OneDrive\Рабочий стол\Уник\Proga\DB\BDIS\main.c(380,18): error C4996: 'fopen': This function or variable may be unsafe. Consider using fopen_s instead. To disable deprecation, use _CRT_SECURE_NO_WARNINGS. See online help for details.
C:\Users\User\OneDrive\Рабочий стол\Уник\Proga\DB\BDIS\main.c(470,25): error C4146: применение унарного минуса к типу без знака; результат оставлен без знака
C:\Users\User\OneDrive\Рабочий стол\Уник\Proga\DB\BDIS\main.c(454,19): error C4996: 'fopen': This function or variable may be unsafe. Consider using fopen_s instead. To disable deprecation, use _CRT_SECURE_NO_WARNINGS. See online help for details.
C:\Users\User\OneDrive\Рабочий стол\Уник\Proga\DB\BDIS\main.c(455,18): error C4996: 'fopen': This function or variable may be unsafe. Consider using fopen_s instead. To disable deprecation, use _CRT_SECURE_NO_WARNINGS. See online help for details.
C:\Users\User\OneDrive\Рабочий стол\Уник\Proga\DB\BDIS\main.c(472,13): error C4996: 'strcpy': This function or variable may be unsafe. Consider using strcpy_s instead. To disable deprecation, use _CRT_SECURE_NO_WARNINGS. See online help for details.
C:\Users\User\OneDrive\Рабочий стол\Уник\Proga\DB\BDIS\main.c(548,25): error C4146: применение унарного минуса к типу без знака; результат оставлен без знака
C:\Users\User\OneDrive\Рабочий стол\Уник\Proga\DB\BDIS\main.c(507,19): error C4996: 'fopen': This function or variable may be unsafe. Consider using fopen_s instead. To disable deprecation, use _CRT_SECURE_NO_WARNINGS. See online help for details.
C:\Users\User\OneDrive\Рабочий стол\Уник\Proga\DB\BDIS\main.c(508,18): error C4996: 'fopen': This function or variable may be unsafe. Consider using fopen_s instead. To disable deprecation, use _CRT_SECURE_NO_WARNINGS. See online help for details.
C:\Users\User\OneDrive\Рабочий стол\Уник\Proga\DB\BDIS\main.c(509,18): error C4996: 'fopen': This function or variable may be unsafe. Consider using fopen_s instead. To disable deprecation, use _CRT_SECURE_NO_WARNINGS. See online help for details.
C:\Users\User\OneDrive\Рабочий стол\Уник\Proga\DB\BDIS\main.c(546,13): error C4996: 'strcpy': This function or variable may be unsafe. Consider using strcpy_s instead. To disable deprecation, use _CRT_SECURE_NO_WARNINGS. See online help for details.
C:\Users\User\OneDrive\Рабочий стол\Уник\Proga\DB\BDIS\main.c(547,13): error C4996: 'strcpy': This function or variable may be unsafe. Consider using strcpy_s instead. To disable deprecation, use _CRT_SECURE_NO_WARNINGS. See online help for details.
C:\Users\User\OneDrive\Рабочий стол\Уник\Proga\DB\BDIS\main.c(580,19): error C4996: 'fopen': This function or variable may be unsafe. Consider using fopen_s instead. To disable deprecation, use _CRT_SECURE_NO_WARNINGS. See online help for details.
C:\Users\User\OneDrive\Рабочий стол\Уник\Proga\DB\BDIS\main.c(581,18): error C4996: 'fopen': This function or variable may be unsafe. Consider using fopen_s instead. To disable deprecation, use _CRT_SECURE_NO_WARNINGS. See online help for details.
C:\Users\User\OneDrive\Рабочий стол\Уник\Proga\DB\BDIS\main.c(623,5): error C4996: 'strcpy': This function or variable may be unsafe. Consider using strcpy_s instead. To disable deprecation, use _CRT_SECURE_NO_WARNINGS. See online help for details.
C:\Users\User\OneDrive\Рабочий стол\Уник\Proga\DB\BDIS\main.c(727,21): error C4146: применение унарного минуса к типу без знака; результат оставлен без знака
C:\Users\User\OneDrive\Рабочий стол\Уник\Proga\DB\BDIS\main.c(661,19): error C4996: 'fopen': This function or variable may be unsafe. Consider using fopen_s instead. To disable deprecation, use _CRT_SECURE_NO_WARNINGS. See online help for details.
C:\Users\User\OneDrive\Рабочий стол\Уник\Proga\DB\BDIS\main.c(662,18): error C4996: 'fopen': This function or variable may be unsafe. Consider using fopen_s instead. To disable deprecation, use _CRT_SECURE_NO_WARNINGS. See online help for details.
C:\Users\User\OneDrive\Рабочий стол\Уник\Proga\DB\BDIS\main.c(663,18): error C4996: 'fopen': This function or variable may be unsafe. Consider using fopen_s instead. To disable deprecation, use _CRT_SECURE_NO_WARNINGS. See online help for details.
C:\Users\User\OneDrive\Рабочий стол\Уник\Proga\DB\BDIS\main.c(741,5): error C4996: 'strcpy': This function or variable may be unsafe. Consider using strcpy_s instead. To disable deprecation, use _CRT_SECURE_NO_WARNINGS. See online help for details.
C:\Users\User\OneDrive\Рабочий стол\Уник\Proga\DB\BDIS\main.c(742,5): error C4996: 'strcpy': This function or variable may be unsafe. Consider using strcpy_s instead. To disable deprecation, use _CRT_SECURE_NO_WARNINGS. See online help for details.
C:\Users\User\OneDrive\Рабочий стол\Уник\Proga\DB\BDIS\main.c(769,19): error C4996: 'fopen': This function or variable may be unsafe. Consider using fopen_s instead. To disable deprecation, use _CRT_SECURE_NO_WARNINGS. See online help for details.
C:\Users\User\OneDrive\Рабочий стол\Уник\Proga\DB\BDIS\main.c(770,18): error C4996: 'fopen': This function or variable may be unsafe. Consider using fopen_s instead. To disable deprecation, use _CRT_SECURE_NO_WARNINGS. See online help for details.
C:\Users\User\OneDrive\Рабочий стол\Уник\Proga\DB\BDIS\main.c(771,18): error C4996: 'fopen': This function or variable may be unsafe. Consider using fopen_s instead. To disable deprecation, use _CRT_SECURE_NO_WARNINGS. See online help for details.
C:\Users\User\OneDrive\Рабочий стол\Уник\Proga\DB\BDIS\main.c(825,19): error C4996: 'fopen': This function or variable may be unsafe. Consider using fopen_s instead. To disable deprecation, use _CRT_SECURE_NO_WARNINGS. See online help for details.
C:\Users\User\OneDrive\Рабочий стол\Уник\Proga\DB\BDIS\main.c(826,18): error C4996: 'fopen': This function or variable may be unsafe. Consider using fopen_s instead. To disable deprecation, use _CRT_SECURE_NO_WARNINGS. See online help for details.
C:\Users\User\OneDrive\Рабочий стол\Уник\Proga\DB\BDIS\main.c(827,18): error C4996: 'fopen': This function or variable may be unsafe. Consider using fopen_s instead. To disable deprecation, use _CRT_SECURE_NO_WARNINGS. See online help for details.
